<?xml version="1.0" encoding="UTF-8"?>
<testsuite name="TradeTest" tests="1" skipped="0" failures="0" errors="0" timestamp="2021-10-03T07:56:09" hostname="moringa-ThinkPad-X250" time="0.027">
  <properties/>
  <testcase name="calcDividend()" classname="TradeTest" time="0.027"/>
  <system-out><![CDATA[]]></system-out>
  <system-err><![CDATA[]]></system-err>
</testsuite>
